2022-08-20 07:53:35.639  INFO [authorizationService,,] 8812 --- [restartedMain] c.c.AuthorizationMicroserviceApplication : Starting AuthorizationMicroserviceApplication using Java 1.8.0_181 on LTIN264352 with PID 8812 (C:\Workspace\microservices\Authorization-Microservice\target\classes started by 889068 in C:\Workspace\microservices\Authorization-Microservice)
2022-08-20 07:53:35.712  INFO [authorizationService,,] 8812 --- [restartedMain] c.c.AuthorizationMicroserviceApplication : No active profile set, falling back to default profiles: default
2022-08-20 07:53:36.123  INFO [authorizationService,,] 8812 --- [restartedMain] .e.DevToolsPropertyDefaultsPostProcessor : Devtools property defaults active! Set 'spring.devtools.add-properties' to 'false' to disable
2022-08-20 07:53:36.126  INFO [authorizationService,,] 8812 --- [restartedMain] .e.DevToolsPropertyDefaultsPostProcessor : For additional web related logging consider setting the 'logging.level.web' property to 'DEBUG'
2022-08-20 07:53:43.393  INFO [authorizationService,,] 8812 --- [restartedMain] .s.d.r.c.RepositoryConfigurationDelegate : Bootstrapping Spring Data JPA repositories in DEFAULT mode.
2022-08-20 07:53:43.839  INFO [authorizationService,,] 8812 --- [restartedMain] .s.d.r.c.RepositoryConfigurationDelegate : Finished Spring Data repository scanning in 408 ms. Found 1 JPA repository interfaces.
2022-08-20 07:53:46.984  INFO [authorizationService,,] 8812 --- [restartedMain] o.s.cloud.context.scope.GenericScope     : BeanFactory id=528b1acf-83df-34cd-88dd-6d1010a2cef8
2022-08-20 07:53:54.714  INFO [authorizationService,,] 8812 --- [restartedMain] o.s.b.w.embedded.tomcat.TomcatWebServer  : Tomcat initialized with port(s): 9090 (http)
2022-08-20 07:53:55.013  INFO [authorizationService,,] 8812 --- [restartedMain] o.apache.catalina.core.StandardService   : Starting service [Tomcat]
2022-08-20 07:53:55.016  INFO [authorizationService,,] 8812 --- [restartedMain] org.apache.catalina.core.StandardEngine  : Starting Servlet engine: [Apache Tomcat/9.0.50]
2022-08-20 07:53:56.129  INFO [authorizationService,,] 8812 --- [restartedMain] o.a.c.c.C.[Tomcat].[localhost].[/]       : Initializing Spring embedded WebApplicationContext
2022-08-20 07:53:56.132  INFO [authorizationService,,] 8812 --- [restartedMain] w.s.c.ServletWebServerApplicationContext : Root WebApplicationContext: initialization completed in 20002 ms
2022-08-20 07:53:56.797  INFO [authorizationService,,] 8812 --- [restartedMain] com.zaxxer.hikari.HikariDataSource       : HikariPool-1 - Starting...
2022-08-20 07:53:58.527  INFO [authorizationService,,] 8812 --- [restartedMain] com.zaxxer.hikari.HikariDataSource       : HikariPool-1 - Start completed.
2022-08-20 07:53:58.553  INFO [authorizationService,,] 8812 --- [restartedMain] o.s.b.a.h2.H2ConsoleAutoConfiguration    : H2 console available at '/h2-console'. Database available at 'jdbc:h2:mem:testDB'
2022-08-20 07:54:01.010  INFO [authorizationService,,] 8812 --- [restartedMain] o.hibernate.jpa.internal.util.LogHelper  : HHH000204: Processing PersistenceUnitInfo [name: default]
2022-08-20 07:54:01.461  INFO [authorizationService,,] 8812 --- [restartedMain] org.hibernate.Version                    : HHH000412: Hibernate ORM core version 5.4.32.Final
2022-08-20 07:54:02.887  INFO [authorizationService,,] 8812 --- [restartedMain] o.hibernate.annotations.common.Version   : HCANN000001: Hibernate Commons Annotations {5.1.2.Final}
2022-08-20 07:54:04.198  INFO [authorizationService,,] 8812 --- [restartedMain] org.hibernate.dialect.Dialect            : HHH000400: Using dialect: org.hibernate.dialect.H2Dialect
2022-08-20 07:54:07.924  INFO [authorizationService,,] 8812 --- [restartedMain] o.h.e.t.j.p.i.JtaPlatformInitiator       : HHH000490: Using JtaPlatform implementation: [org.hibernate.engine.transaction.jta.platform.internal.NoJtaPlatform]
2022-08-20 07:54:08.006  INFO [authorizationService,,] 8812 --- [restartedMain] j.LocalContainerEntityManagerFactoryBean : Initialized JPA EntityManagerFactory for persistence unit 'default'
2022-08-20 07:54:17.612  INFO [authorizationService,,] 8812 --- [restartedMain] o.s.b.d.a.OptionalLiveReloadServer       : LiveReload server is running on port 35729
2022-08-20 07:54:19.403  WARN [authorizationService,,] 8812 --- [restartedMain] JpaBaseConfiguration$JpaWebConfiguration : spring.jpa.open-in-view is enabled by default. Therefore, database queries may be performed during view rendering. Explicitly configure spring.jpa.open-in-view to disable this warning
2022-08-20 07:54:25.308  INFO [authorizationService,,] 8812 --- [restartedMain] o.s.s.web.DefaultSecurityFilterChain     : Will secure any request with [org.springframework.security.web.context.request.async.WebAsyncManagerIntegrationFilter@8a0a8c0, org.springframework.security.web.context.SecurityContextPersistenceFilter@63b3cf70, org.springframework.security.web.header.HeaderWriterFilter@363e2561, org.springframework.security.web.authentication.logout.LogoutFilter@687c45ca, com.cognizant.filter.JwtFilter@3edf7f78, org.springframework.security.web.savedrequest.RequestCacheAwareFilter@1a4e4547, org.springframework.security.web.servletapi.SecurityContextHolderAwareRequestFilter@45939dd6, org.springframework.security.web.authentication.AnonymousAuthenticationFilter@6a8ffb34, org.springframework.security.web.session.SessionManagementFilter@3bc818cf, org.springframework.security.web.access.ExceptionTranslationFilter@3c2b6a24, org.springframework.security.web.access.intercept.FilterSecurityInterceptor@13769a9b]
2022-08-20 07:54:38.134  INFO [authorizationService,,] 8812 --- [restartedMain] o.s.b.w.embedded.tomcat.TomcatWebServer  : Tomcat started on port(s): 9090 (http) with context path ''
2022-08-20 07:54:40.235  INFO [authorizationService,,] 8812 --- [restartedMain] d.s.w.p.DocumentationPluginsBootstrapper : Context refreshed
2022-08-20 07:54:40.439  INFO [authorizationService,,] 8812 --- [restartedMain] d.s.w.p.DocumentationPluginsBootstrapper : Found 1 custom documentation plugin(s)
2022-08-20 07:54:40.542  INFO [authorizationService,,] 8812 --- [restartedMain] s.d.s.w.s.ApiListingReferenceScanner     : Scanning for api listing references
2022-08-20 07:54:41.574  INFO [authorizationService,,] 8812 --- [restartedMain] c.c.AuthorizationMicroserviceApplication : Started AuthorizationMicroserviceApplication in 69.778 seconds (JVM running for 74.685)
2022-08-20 07:58:29.357  INFO [authorizationService,,] 8812 --- [http-nio-9090-exec-1] o.a.c.c.C.[Tomcat].[localhost].[/]       : Initializing Spring DispatcherServlet 'dispatcherServlet'
2022-08-20 07:58:29.360  INFO [authorizationService,,] 8812 --- [http-nio-9090-exec-1] o.s.web.servlet.DispatcherServlet        : Initializing Servlet 'dispatcherServlet'
2022-08-20 07:58:29.367  INFO [authorizationService,,] 8812 --- [http-nio-9090-exec-1] o.s.web.servlet.DispatcherServlet        : Completed initialization in 5 ms
2022-08-20 07:58:29.902  INFO [authorizationService,a0293f2bb5c818a5,6e650acf916cb349] 8812 --- [http-nio-9090-exec-1] c.c.controller.AuthorizationController   : STARTED - generateToken
2022-08-20 07:58:48.141  INFO [authorizationService,84e21a4e0a9e62bd,b9554f0b7672932c] 8812 --- [http-nio-9090-exec-2] c.c.controller.AuthorizationController   : STARTED - User authentication
2022-08-20 07:58:48.147  INFO [authorizationService,84e21a4e0a9e62bd,b9554f0b7672932c] 8812 --- [http-nio-9090-exec-2] c.c.service.CustomUserDetailService      : STARTED - loadUserByUsername
2022-08-20 07:58:48.798  INFO [authorizationService,84e21a4e0a9e62bd,b9554f0b7672932c] 8812 --- [http-nio-9090-exec-2] c.c.service.CustomUserDetailService      : END - loadUserByUsername
2022-08-20 07:58:48.808  INFO [authorizationService,84e21a4e0a9e62bd,b9554f0b7672932c] 8812 --- [http-nio-9090-exec-2] c.c.controller.AuthorizationController   : END - generateToken
2022-08-20 07:58:51.254  INFO [authorizationService,1b5d4a36b7bbc055,dc48759c2fe5904f] 8812 --- [http-nio-9090-exec-5] c.c.service.CustomUserDetailService      : STARTED - loadUserByUsername
2022-08-20 07:58:51.314  INFO [authorizationService,1b5d4a36b7bbc055,dc48759c2fe5904f] 8812 --- [http-nio-9090-exec-5] c.c.service.CustomUserDetailService      : END - loadUserByUsername
2022-08-20 07:58:51.344  INFO [authorizationService,1b5d4a36b7bbc055,dc48759c2fe5904f] 8812 --- [http-nio-9090-exec-5] c.c.controller.AuthorizationController   : STARTED - authorization
2022-08-20 07:58:51.346  INFO [authorizationService,1b5d4a36b7bbc055,dc48759c2fe5904f] 8812 --- [http-nio-9090-exec-5] c.c.service.CustomUserDetailService      : STARTED - loadUserByUsername
2022-08-20 07:58:51.350  INFO [authorizationService,1b5d4a36b7bbc055,dc48759c2fe5904f] 8812 --- [http-nio-9090-exec-5] c.c.service.CustomUserDetailService      : END - loadUserByUsername
2022-08-20 07:58:51.356  INFO [authorizationService,1b5d4a36b7bbc055,dc48759c2fe5904f] 8812 --- [http-nio-9090-exec-5] c.c.controller.AuthorizationController   : END - authorization
2022-08-20 08:02:11.257  INFO [authorizationService,3d01aca93d11a711,934bb984d3c59beb] 8812 --- [http-nio-9090-exec-9] c.c.service.CustomUserDetailService      : STARTED - loadUserByUsername
2022-08-20 08:02:11.263  INFO [authorizationService,3d01aca93d11a711,934bb984d3c59beb] 8812 --- [http-nio-9090-exec-9] c.c.service.CustomUserDetailService      : END - loadUserByUsername
2022-08-20 08:02:11.274  INFO [authorizationService,3d01aca93d11a711,934bb984d3c59beb] 8812 --- [http-nio-9090-exec-9] c.c.controller.AuthorizationController   : STARTED - authorization
2022-08-20 08:02:11.277  INFO [authorizationService,3d01aca93d11a711,934bb984d3c59beb] 8812 --- [http-nio-9090-exec-9] c.c.service.CustomUserDetailService      : STARTED - loadUserByUsername
2022-08-20 08:02:11.282  INFO [authorizationService,3d01aca93d11a711,934bb984d3c59beb] 8812 --- [http-nio-9090-exec-9] c.c.service.CustomUserDetailService      : END - loadUserByUsername
2022-08-20 08:02:11.288  INFO [authorizationService,3d01aca93d11a711,934bb984d3c59beb] 8812 --- [http-nio-9090-exec-9] c.c.controller.AuthorizationController   : END - authorization
2022-08-20 08:02:17.929  INFO [authorizationService,8cfd3dea70870173,cc9c4a71fc5970e4] 8812 --- [http-nio-9090-exec-10] c.c.service.CustomUserDetailService      : STARTED - loadUserByUsername
2022-08-20 08:02:17.936  INFO [authorizationService,8cfd3dea70870173,cc9c4a71fc5970e4] 8812 --- [http-nio-9090-exec-10] c.c.service.CustomUserDetailService      : END - loadUserByUsername
2022-08-20 08:02:17.947  INFO [authorizationService,8cfd3dea70870173,cc9c4a71fc5970e4] 8812 --- [http-nio-9090-exec-10] c.c.controller.AuthorizationController   : STARTED - authorization
2022-08-20 08:02:17.951  INFO [authorizationService,8cfd3dea70870173,cc9c4a71fc5970e4] 8812 --- [http-nio-9090-exec-10] c.c.service.CustomUserDetailService      : STARTED - loadUserByUsername
2022-08-20 08:02:17.956  INFO [authorizationService,8cfd3dea70870173,cc9c4a71fc5970e4] 8812 --- [http-nio-9090-exec-10] c.c.service.CustomUserDetailService      : END - loadUserByUsername
2022-08-20 08:02:17.964  INFO [authorizationService,8cfd3dea70870173,cc9c4a71fc5970e4] 8812 --- [http-nio-9090-exec-10] c.c.controller.AuthorizationController   : END - authorization
2022-08-20 08:02:23.933  INFO [authorizationService,6dc61a6ad4c31d6c,2163a5329d4c14f5] 8812 --- [http-nio-9090-exec-3] c.c.service.CustomUserDetailService      : STARTED - loadUserByUsername
2022-08-20 08:02:23.945  INFO [authorizationService,6dc61a6ad4c31d6c,2163a5329d4c14f5] 8812 --- [http-nio-9090-exec-3] c.c.service.CustomUserDetailService      : END - loadUserByUsername
2022-08-20 08:02:23.960  INFO [authorizationService,6dc61a6ad4c31d6c,2163a5329d4c14f5] 8812 --- [http-nio-9090-exec-3] c.c.controller.AuthorizationController   : STARTED - authorization
2022-08-20 08:02:23.965  INFO [authorizationService,6dc61a6ad4c31d6c,2163a5329d4c14f5] 8812 --- [http-nio-9090-exec-3] c.c.service.CustomUserDetailService      : STARTED - loadUserByUsername
2022-08-20 08:02:23.972  INFO [authorizationService,6dc61a6ad4c31d6c,2163a5329d4c14f5] 8812 --- [http-nio-9090-exec-3] c.c.service.CustomUserDetailService      : END - loadUserByUsername
2022-08-20 08:02:23.994  INFO [authorizationService,6dc61a6ad4c31d6c,2163a5329d4c14f5] 8812 --- [http-nio-9090-exec-3] c.c.controller.AuthorizationController   : END - authorization
2022-08-20 08:02:24.855  INFO [authorizationService,ea5842c59f2ca356,bdacbf02ba441a90] 8812 --- [http-nio-9090-exec-4] c.c.service.CustomUserDetailService      : STARTED - loadUserByUsername
2022-08-20 08:02:24.864  INFO [authorizationService,ea5842c59f2ca356,bdacbf02ba441a90] 8812 --- [http-nio-9090-exec-4] c.c.service.CustomUserDetailService      : END - loadUserByUsername
2022-08-20 08:02:24.877  INFO [authorizationService,ea5842c59f2ca356,bdacbf02ba441a90] 8812 --- [http-nio-9090-exec-4] c.c.controller.AuthorizationController   : STARTED - authorization
2022-08-20 08:02:24.884  INFO [authorizationService,ea5842c59f2ca356,bdacbf02ba441a90] 8812 --- [http-nio-9090-exec-4] c.c.service.CustomUserDetailService      : STARTED - loadUserByUsername
2022-08-20 08:02:24.914  INFO [authorizationService,ea5842c59f2ca356,bdacbf02ba441a90] 8812 --- [http-nio-9090-exec-4] c.c.service.CustomUserDetailService      : END - loadUserByUsername
2022-08-20 08:02:24.924  INFO [authorizationService,ea5842c59f2ca356,bdacbf02ba441a90] 8812 --- [http-nio-9090-exec-4] c.c.controller.AuthorizationController   : END - authorization
2022-08-20 08:02:25.036  INFO [authorizationService,08a0927a427e09e6,aaf5d7e401106a15] 8812 --- [http-nio-9090-exec-7] c.c.service.CustomUserDetailService      : STARTED - loadUserByUsername
2022-08-20 08:02:25.041  INFO [authorizationService,08a0927a427e09e6,aaf5d7e401106a15] 8812 --- [http-nio-9090-exec-7] c.c.service.CustomUserDetailService      : END - loadUserByUsername
2022-08-20 08:02:25.049  INFO [authorizationService,08a0927a427e09e6,aaf5d7e401106a15] 8812 --- [http-nio-9090-exec-7] c.c.controller.AuthorizationController   : STARTED - authorization
2022-08-20 08:02:25.053  INFO [authorizationService,08a0927a427e09e6,aaf5d7e401106a15] 8812 --- [http-nio-9090-exec-7] c.c.service.CustomUserDetailService      : STARTED - loadUserByUsername
2022-08-20 08:02:25.059  INFO [authorizationService,08a0927a427e09e6,aaf5d7e401106a15] 8812 --- [http-nio-9090-exec-7] c.c.service.CustomUserDetailService      : END - loadUserByUsername
2022-08-20 08:02:25.064  INFO [authorizationService,08a0927a427e09e6,aaf5d7e401106a15] 8812 --- [http-nio-9090-exec-7] c.c.controller.AuthorizationController   : END - authorization
2022-08-20 08:02:25.387  INFO [authorizationService,2f2f091d42b1c593,a56f3089ef30d44a] 8812 --- [http-nio-9090-exec-8] c.c.service.CustomUserDetailService      : STARTED - loadUserByUsername
2022-08-20 08:02:25.393  INFO [authorizationService,2f2f091d42b1c593,a56f3089ef30d44a] 8812 --- [http-nio-9090-exec-8] c.c.service.CustomUserDetailService      : END - loadUserByUsername
2022-08-20 08:02:25.403  INFO [authorizationService,2f2f091d42b1c593,a56f3089ef30d44a] 8812 --- [http-nio-9090-exec-8] c.c.controller.AuthorizationController   : STARTED - authorization
2022-08-20 08:02:25.406  INFO [authorizationService,2f2f091d42b1c593,a56f3089ef30d44a] 8812 --- [http-nio-9090-exec-8] c.c.service.CustomUserDetailService      : STARTED - loadUserByUsername
2022-08-20 08:02:25.409  INFO [authorizationService,2f2f091d42b1c593,a56f3089ef30d44a] 8812 --- [http-nio-9090-exec-8] c.c.service.CustomUserDetailService      : END - loadUserByUsername
2022-08-20 08:02:25.416  INFO [authorizationService,2f2f091d42b1c593,a56f3089ef30d44a] 8812 --- [http-nio-9090-exec-8] c.c.controller.AuthorizationController   : END - authorization
2022-08-20 08:02:40.049  INFO [authorizationService,4577cebaf6e3876c,ec6fbbd537b0a3ce] 8812 --- [http-nio-9090-exec-1] c.c.service.CustomUserDetailService      : STARTED - loadUserByUsername
2022-08-20 08:02:40.054  INFO [authorizationService,4577cebaf6e3876c,ec6fbbd537b0a3ce] 8812 --- [http-nio-9090-exec-1] c.c.service.CustomUserDetailService      : END - loadUserByUsername
2022-08-20 08:02:40.062  INFO [authorizationService,4577cebaf6e3876c,ec6fbbd537b0a3ce] 8812 --- [http-nio-9090-exec-1] c.c.controller.AuthorizationController   : STARTED - authorization
2022-08-20 08:02:40.066  INFO [authorizationService,4577cebaf6e3876c,ec6fbbd537b0a3ce] 8812 --- [http-nio-9090-exec-1] c.c.service.CustomUserDetailService      : STARTED - loadUserByUsername
2022-08-20 08:02:40.070  INFO [authorizationService,4577cebaf6e3876c,ec6fbbd537b0a3ce] 8812 --- [http-nio-9090-exec-1] c.c.service.CustomUserDetailService      : END - loadUserByUsername
2022-08-20 08:02:40.077  INFO [authorizationService,4577cebaf6e3876c,ec6fbbd537b0a3ce] 8812 --- [http-nio-9090-exec-1] c.c.controller.AuthorizationController   : END - authorization
2022-08-20 08:02:40.390  INFO [authorizationService,3733cad88befc8fa,cb86b1190d7f1688] 8812 --- [http-nio-9090-exec-2] c.c.service.CustomUserDetailService      : STARTED - loadUserByUsername
2022-08-20 08:02:40.393  INFO [authorizationService,3733cad88befc8fa,cb86b1190d7f1688] 8812 --- [http-nio-9090-exec-2] c.c.service.CustomUserDetailService      : END - loadUserByUsername
2022-08-20 08:02:40.401  INFO [authorizationService,3733cad88befc8fa,cb86b1190d7f1688] 8812 --- [http-nio-9090-exec-2] c.c.controller.AuthorizationController   : STARTED - authorization
2022-08-20 08:02:40.403  INFO [authorizationService,3733cad88befc8fa,cb86b1190d7f1688] 8812 --- [http-nio-9090-exec-2] c.c.service.CustomUserDetailService      : STARTED - loadUserByUsername
2022-08-20 08:02:40.408  INFO [authorizationService,3733cad88befc8fa,cb86b1190d7f1688] 8812 --- [http-nio-9090-exec-2] c.c.service.CustomUserDetailService      : END - loadUserByUsername
2022-08-20 08:02:40.413  INFO [authorizationService,3733cad88befc8fa,cb86b1190d7f1688] 8812 --- [http-nio-9090-exec-2] c.c.controller.AuthorizationController   : END - authorization
2022-08-20 08:02:51.097  INFO [authorizationService,dcc5cd02621ae2a8,5d6e14637cb0b4de] 8812 --- [http-nio-9090-exec-5] c.c.service.CustomUserDetailService      : STARTED - loadUserByUsername
2022-08-20 08:02:51.103  INFO [authorizationService,dcc5cd02621ae2a8,5d6e14637cb0b4de] 8812 --- [http-nio-9090-exec-5] c.c.service.CustomUserDetailService      : END - loadUserByUsername
2022-08-20 08:02:51.112  INFO [authorizationService,dcc5cd02621ae2a8,5d6e14637cb0b4de] 8812 --- [http-nio-9090-exec-5] c.c.controller.AuthorizationController   : STARTED - authorization
2022-08-20 08:02:51.116  INFO [authorizationService,dcc5cd02621ae2a8,5d6e14637cb0b4de] 8812 --- [http-nio-9090-exec-5] c.c.service.CustomUserDetailService      : STARTED - loadUserByUsername
2022-08-20 08:02:51.122  INFO [authorizationService,dcc5cd02621ae2a8,5d6e14637cb0b4de] 8812 --- [http-nio-9090-exec-5] c.c.service.CustomUserDetailService      : END - loadUserByUsername
2022-08-20 08:02:51.131  INFO [authorizationService,dcc5cd02621ae2a8,5d6e14637cb0b4de] 8812 --- [http-nio-9090-exec-5] c.c.controller.AuthorizationController   : END - authorization
2022-08-20 08:02:51.380  INFO [authorizationService,e04289ee58c7205a,32e771ba2fa92f97] 8812 --- [http-nio-9090-exec-6] c.c.service.CustomUserDetailService      : STARTED - loadUserByUsername
2022-08-20 08:02:51.384  INFO [authorizationService,e04289ee58c7205a,32e771ba2fa92f97] 8812 --- [http-nio-9090-exec-6] c.c.service.CustomUserDetailService      : END - loadUserByUsername
2022-08-20 08:02:51.392  INFO [authorizationService,e04289ee58c7205a,32e771ba2fa92f97] 8812 --- [http-nio-9090-exec-6] c.c.controller.AuthorizationController   : STARTED - authorization
2022-08-20 08:02:51.396  INFO [authorizationService,e04289ee58c7205a,32e771ba2fa92f97] 8812 --- [http-nio-9090-exec-6] c.c.service.CustomUserDetailService      : STARTED - loadUserByUsername
2022-08-20 08:02:51.399  INFO [authorizationService,e04289ee58c7205a,32e771ba2fa92f97] 8812 --- [http-nio-9090-exec-6] c.c.service.CustomUserDetailService      : END - loadUserByUsername
2022-08-20 08:02:51.402  INFO [authorizationService,e04289ee58c7205a,32e771ba2fa92f97] 8812 --- [http-nio-9090-exec-6] c.c.controller.AuthorizationController   : END - authorization
2022-08-20 08:08:59.714  INFO [authorizationService,b1b95aa4baa6756b,6fc12eb1926ba187] 8812 --- [http-nio-9090-exec-10] c.c.service.CustomUserDetailService      : STARTED - loadUserByUsername
2022-08-20 08:08:59.720  INFO [authorizationService,b1b95aa4baa6756b,6fc12eb1926ba187] 8812 --- [http-nio-9090-exec-10] c.c.service.CustomUserDetailService      : END - loadUserByUsername
2022-08-20 08:08:59.729  INFO [authorizationService,b1b95aa4baa6756b,6fc12eb1926ba187] 8812 --- [http-nio-9090-exec-10] c.c.controller.AuthorizationController   : STARTED - authorization
2022-08-20 08:08:59.732  INFO [authorizationService,b1b95aa4baa6756b,6fc12eb1926ba187] 8812 --- [http-nio-9090-exec-10] c.c.service.CustomUserDetailService      : STARTED - loadUserByUsername
2022-08-20 08:08:59.736  INFO [authorizationService,b1b95aa4baa6756b,6fc12eb1926ba187] 8812 --- [http-nio-9090-exec-10] c.c.service.CustomUserDetailService      : END - loadUserByUsername
2022-08-20 08:08:59.742  INFO [authorizationService,b1b95aa4baa6756b,6fc12eb1926ba187] 8812 --- [http-nio-9090-exec-10] c.c.controller.AuthorizationController   : END - authorization
2022-08-20 08:09:00.035  INFO [authorizationService,6b31014ed33ddec2,2852f1fe39320bdb] 8812 --- [http-nio-9090-exec-3] c.c.service.CustomUserDetailService      : STARTED - loadUserByUsername
2022-08-20 08:09:00.040  INFO [authorizationService,6b31014ed33ddec2,2852f1fe39320bdb] 8812 --- [http-nio-9090-exec-3] c.c.service.CustomUserDetailService      : END - loadUserByUsername
2022-08-20 08:09:00.049  INFO [authorizationService,6b31014ed33ddec2,2852f1fe39320bdb] 8812 --- [http-nio-9090-exec-3] c.c.controller.AuthorizationController   : STARTED - authorization
2022-08-20 08:09:00.052  INFO [authorizationService,6b31014ed33ddec2,2852f1fe39320bdb] 8812 --- [http-nio-9090-exec-3] c.c.service.CustomUserDetailService      : STARTED - loadUserByUsername
2022-08-20 08:09:00.058  INFO [authorizationService,6b31014ed33ddec2,2852f1fe39320bdb] 8812 --- [http-nio-9090-exec-3] c.c.service.CustomUserDetailService      : END - loadUserByUsername
2022-08-20 08:09:00.063  INFO [authorizationService,6b31014ed33ddec2,2852f1fe39320bdb] 8812 --- [http-nio-9090-exec-3] c.c.controller.AuthorizationController   : END - authorization
2022-08-20 08:30:09.312  INFO [authorizationService,d2bd9bb18c5762e6,cfca37a6d8dd5b7c] 8812 --- [http-nio-9090-exec-7] c.c.service.CustomUserDetailService      : STARTED - loadUserByUsername
2022-08-20 08:30:09.317  INFO [authorizationService,d2bd9bb18c5762e6,cfca37a6d8dd5b7c] 8812 --- [http-nio-9090-exec-7] c.c.service.CustomUserDetailService      : END - loadUserByUsername
2022-08-20 08:30:09.325  INFO [authorizationService,d2bd9bb18c5762e6,cfca37a6d8dd5b7c] 8812 --- [http-nio-9090-exec-7] c.c.controller.AuthorizationController   : STARTED - authorization
2022-08-20 08:30:09.327  INFO [authorizationService,d2bd9bb18c5762e6,cfca37a6d8dd5b7c] 8812 --- [http-nio-9090-exec-7] c.c.service.CustomUserDetailService      : STARTED - loadUserByUsername
2022-08-20 08:30:09.329  INFO [authorizationService,d2bd9bb18c5762e6,cfca37a6d8dd5b7c] 8812 --- [http-nio-9090-exec-7] c.c.service.CustomUserDetailService      : END - loadUserByUsername
2022-08-20 08:30:09.331  INFO [authorizationService,d2bd9bb18c5762e6,cfca37a6d8dd5b7c] 8812 --- [http-nio-9090-exec-7] c.c.controller.AuthorizationController   : END - authorization
2022-08-20 08:30:09.500  INFO [authorizationService,ae5d0d3223e6dc52,b8b3c91c12ab0d9a] 8812 --- [http-nio-9090-exec-8] c.c.service.CustomUserDetailService      : STARTED - loadUserByUsername
2022-08-20 08:30:09.504  INFO [authorizationService,ae5d0d3223e6dc52,b8b3c91c12ab0d9a] 8812 --- [http-nio-9090-exec-8] c.c.service.CustomUserDetailService      : END - loadUserByUsername
2022-08-20 08:30:09.509  INFO [authorizationService,ae5d0d3223e6dc52,b8b3c91c12ab0d9a] 8812 --- [http-nio-9090-exec-8] c.c.controller.AuthorizationController   : STARTED - authorization
2022-08-20 08:30:09.511  INFO [authorizationService,ae5d0d3223e6dc52,b8b3c91c12ab0d9a] 8812 --- [http-nio-9090-exec-8] c.c.service.CustomUserDetailService      : STARTED - loadUserByUsername
2022-08-20 08:30:09.512  INFO [authorizationService,ae5d0d3223e6dc52,b8b3c91c12ab0d9a] 8812 --- [http-nio-9090-exec-8] c.c.service.CustomUserDetailService      : END - loadUserByUsername
2022-08-20 08:30:09.515  INFO [authorizationService,ae5d0d3223e6dc52,b8b3c91c12ab0d9a] 8812 --- [http-nio-9090-exec-8] c.c.controller.AuthorizationController   : END - authorization
2022-08-20 10:46:15.893  INFO [authorizationService,2d57489f52b0bcfa,450d3ca1c43c268e] 8812 --- [http-nio-9090-exec-2] c.c.controller.AuthorizationController   : STARTED - User authentication
2022-08-20 10:46:15.896  INFO [authorizationService,2d57489f52b0bcfa,450d3ca1c43c268e] 8812 --- [http-nio-9090-exec-2] c.c.service.CustomUserDetailService      : STARTED - loadUserByUsername
2022-08-20 10:46:15.905  INFO [authorizationService,2d57489f52b0bcfa,450d3ca1c43c268e] 8812 --- [http-nio-9090-exec-2] c.c.service.CustomUserDetailService      : END - loadUserByUsername
2022-08-20 10:46:15.905  INFO [authorizationService,2d57489f52b0bcfa,450d3ca1c43c268e] 8812 --- [http-nio-9090-exec-2] c.c.controller.AuthorizationController   : END - generateToken
2022-08-20 10:46:16.040  INFO [authorizationService,9991ee2584618b38,000ee34c4c411c1e] 8812 --- [http-nio-9090-exec-5] c.c.service.CustomUserDetailService      : STARTED - loadUserByUsername
2022-08-20 10:46:16.052  INFO [authorizationService,9991ee2584618b38,000ee34c4c411c1e] 8812 --- [http-nio-9090-exec-5] c.c.service.CustomUserDetailService      : END - loadUserByUsername
2022-08-20 10:46:16.064  INFO [authorizationService,9991ee2584618b38,000ee34c4c411c1e] 8812 --- [http-nio-9090-exec-5] c.c.controller.AuthorizationController   : STARTED - authorization
2022-08-20 10:46:16.068  INFO [authorizationService,9991ee2584618b38,000ee34c4c411c1e] 8812 --- [http-nio-9090-exec-5] c.c.service.CustomUserDetailService      : STARTED - loadUserByUsername
2022-08-20 10:46:16.073  INFO [authorizationService,9991ee2584618b38,000ee34c4c411c1e] 8812 --- [http-nio-9090-exec-5] c.c.service.CustomUserDetailService      : END - loadUserByUsername
2022-08-20 10:46:16.080  INFO [authorizationService,9991ee2584618b38,000ee34c4c411c1e] 8812 --- [http-nio-9090-exec-5] c.c.controller.AuthorizationController   : END - authorization
2022-08-20 10:46:21.846  INFO [authorizationService,76ca88ed3d20f3cf,d04c71dbddf61d2d] 8812 --- [http-nio-9090-exec-6] c.c.service.CustomUserDetailService      : STARTED - loadUserByUsername
2022-08-20 10:46:21.851  INFO [authorizationService,76ca88ed3d20f3cf,d04c71dbddf61d2d] 8812 --- [http-nio-9090-exec-6] c.c.service.CustomUserDetailService      : END - loadUserByUsername
2022-08-20 10:46:21.857  INFO [authorizationService,76ca88ed3d20f3cf,d04c71dbddf61d2d] 8812 --- [http-nio-9090-exec-6] c.c.controller.AuthorizationController   : STARTED - authorization
2022-08-20 10:46:21.859  INFO [authorizationService,76ca88ed3d20f3cf,d04c71dbddf61d2d] 8812 --- [http-nio-9090-exec-6] c.c.service.CustomUserDetailService      : STARTED - loadUserByUsername
2022-08-20 10:46:21.862  INFO [authorizationService,76ca88ed3d20f3cf,d04c71dbddf61d2d] 8812 --- [http-nio-9090-exec-6] c.c.service.CustomUserDetailService      : END - loadUserByUsername
2022-08-20 10:46:21.866  INFO [authorizationService,76ca88ed3d20f3cf,d04c71dbddf61d2d] 8812 --- [http-nio-9090-exec-6] c.c.controller.AuthorizationController   : END - authorization
2022-08-20 10:48:12.702  INFO [authorizationService,7734524cd2f27452,d723ceed553904fc] 8812 --- [http-nio-9090-exec-10] c.c.service.CustomUserDetailService      : STARTED - loadUserByUsername
2022-08-20 10:48:12.705  INFO [authorizationService,7734524cd2f27452,d723ceed553904fc] 8812 --- [http-nio-9090-exec-10] c.c.service.CustomUserDetailService      : END - loadUserByUsername
2022-08-20 10:48:12.708  INFO [authorizationService,7734524cd2f27452,d723ceed553904fc] 8812 --- [http-nio-9090-exec-10] c.c.controller.AuthorizationController   : STARTED - authorization
2022-08-20 10:48:12.709  INFO [authorizationService,7734524cd2f27452,d723ceed553904fc] 8812 --- [http-nio-9090-exec-10] c.c.service.CustomUserDetailService      : STARTED - loadUserByUsername
2022-08-20 10:48:12.711  INFO [authorizationService,7734524cd2f27452,d723ceed553904fc] 8812 --- [http-nio-9090-exec-10] c.c.service.CustomUserDetailService      : END - loadUserByUsername
2022-08-20 10:48:12.713  INFO [authorizationService,7734524cd2f27452,d723ceed553904fc] 8812 --- [http-nio-9090-exec-10] c.c.controller.AuthorizationController   : END - authorization
2022-08-20 11:02:20.736  INFO [authorizationService,25f2068458bb6a6d,862bfbe5477278f7] 8812 --- [http-nio-9090-exec-4] c.c.service.CustomUserDetailService      : STARTED - loadUserByUsername
2022-08-20 11:02:20.740  INFO [authorizationService,25f2068458bb6a6d,862bfbe5477278f7] 8812 --- [http-nio-9090-exec-4] c.c.service.CustomUserDetailService      : END - loadUserByUsername
2022-08-20 11:02:20.743  INFO [authorizationService,25f2068458bb6a6d,862bfbe5477278f7] 8812 --- [http-nio-9090-exec-4] c.c.controller.AuthorizationController   : STARTED - authorization
2022-08-20 11:02:20.744  INFO [authorizationService,25f2068458bb6a6d,862bfbe5477278f7] 8812 --- [http-nio-9090-exec-4] c.c.service.CustomUserDetailService      : STARTED - loadUserByUsername
2022-08-20 11:02:20.745  INFO [authorizationService,25f2068458bb6a6d,862bfbe5477278f7] 8812 --- [http-nio-9090-exec-4] c.c.service.CustomUserDetailService      : END - loadUserByUsername
2022-08-20 11:02:20.748  INFO [authorizationService,25f2068458bb6a6d,862bfbe5477278f7] 8812 --- [http-nio-9090-exec-4] c.c.controller.AuthorizationController   : END - authorization
2022-08-20 11:02:26.870  INFO [authorizationService,67f7c7ecdd3de784,42da92b29f1dc97d] 8812 --- [http-nio-9090-exec-7] c.c.service.CustomUserDetailService      : STARTED - loadUserByUsername
2022-08-20 11:02:26.872  INFO [authorizationService,67f7c7ecdd3de784,42da92b29f1dc97d] 8812 --- [http-nio-9090-exec-7] c.c.service.CustomUserDetailService      : END - loadUserByUsername
2022-08-20 11:02:26.875  INFO [authorizationService,67f7c7ecdd3de784,42da92b29f1dc97d] 8812 --- [http-nio-9090-exec-7] c.c.controller.AuthorizationController   : STARTED - authorization
2022-08-20 11:02:26.876  INFO [authorizationService,67f7c7ecdd3de784,42da92b29f1dc97d] 8812 --- [http-nio-9090-exec-7] c.c.service.CustomUserDetailService      : STARTED - loadUserByUsername
2022-08-20 11:02:26.877  INFO [authorizationService,67f7c7ecdd3de784,42da92b29f1dc97d] 8812 --- [http-nio-9090-exec-7] c.c.service.CustomUserDetailService      : END - loadUserByUsername
2022-08-20 11:02:26.878  INFO [authorizationService,67f7c7ecdd3de784,42da92b29f1dc97d] 8812 --- [http-nio-9090-exec-7] c.c.controller.AuthorizationController   : END - authorization
2022-08-20 11:02:29.024  INFO [authorizationService,2a1e25e8c96a056f,03819184f3547745] 8812 --- [http-nio-9090-exec-8] c.c.service.CustomUserDetailService      : STARTED - loadUserByUsername
2022-08-20 11:02:29.026  INFO [authorizationService,2a1e25e8c96a056f,03819184f3547745] 8812 --- [http-nio-9090-exec-8] c.c.service.CustomUserDetailService      : END - loadUserByUsername
2022-08-20 11:02:29.029  INFO [authorizationService,2a1e25e8c96a056f,03819184f3547745] 8812 --- [http-nio-9090-exec-8] c.c.controller.AuthorizationController   : STARTED - authorization
2022-08-20 11:02:29.030  INFO [authorizationService,2a1e25e8c96a056f,03819184f3547745] 8812 --- [http-nio-9090-exec-8] c.c.service.CustomUserDetailService      : STARTED - loadUserByUsername
2022-08-20 11:02:29.032  INFO [authorizationService,2a1e25e8c96a056f,03819184f3547745] 8812 --- [http-nio-9090-exec-8] c.c.service.CustomUserDetailService      : END - loadUserByUsername
2022-08-20 11:02:29.034  INFO [authorizationService,2a1e25e8c96a056f,03819184f3547745] 8812 --- [http-nio-9090-exec-8] c.c.controller.AuthorizationController   : END - authorization
2022-08-20 11:02:34.809  INFO [authorizationService,08e103458611dc44,8cc6f39dd5c95d0b] 8812 --- [http-nio-9090-exec-1] c.c.service.CustomUserDetailService      : STARTED - loadUserByUsername
2022-08-20 11:02:34.813  INFO [authorizationService,08e103458611dc44,8cc6f39dd5c95d0b] 8812 --- [http-nio-9090-exec-1] c.c.service.CustomUserDetailService      : END - loadUserByUsername
2022-08-20 11:02:34.817  INFO [authorizationService,08e103458611dc44,8cc6f39dd5c95d0b] 8812 --- [http-nio-9090-exec-1] c.c.controller.AuthorizationController   : STARTED - authorization
2022-08-20 11:02:34.818  INFO [authorizationService,08e103458611dc44,8cc6f39dd5c95d0b] 8812 --- [http-nio-9090-exec-1] c.c.service.CustomUserDetailService      : STARTED - loadUserByUsername
2022-08-20 11:02:34.819  INFO [authorizationService,08e103458611dc44,8cc6f39dd5c95d0b] 8812 --- [http-nio-9090-exec-1] c.c.service.CustomUserDetailService      : END - loadUserByUsername
2022-08-20 11:02:34.820  INFO [authorizationService,08e103458611dc44,8cc6f39dd5c95d0b] 8812 --- [http-nio-9090-exec-1] c.c.controller.AuthorizationController   : END - authorization
2022-08-20 11:02:34.970  INFO [authorizationService,d87449f08fc4715d,a7cde9133a1984ba] 8812 --- [http-nio-9090-exec-2] c.c.service.CustomUserDetailService      : STARTED - loadUserByUsername
2022-08-20 11:02:34.971  INFO [authorizationService,d87449f08fc4715d,a7cde9133a1984ba] 8812 --- [http-nio-9090-exec-2] c.c.service.CustomUserDetailService      : END - loadUserByUsername
2022-08-20 11:02:34.973  INFO [authorizationService,d87449f08fc4715d,a7cde9133a1984ba] 8812 --- [http-nio-9090-exec-2] c.c.controller.AuthorizationController   : STARTED - authorization
2022-08-20 11:02:34.974  INFO [authorizationService,d87449f08fc4715d,a7cde9133a1984ba] 8812 --- [http-nio-9090-exec-2] c.c.service.CustomUserDetailService      : STARTED - loadUserByUsername
2022-08-20 11:02:34.975  INFO [authorizationService,d87449f08fc4715d,a7cde9133a1984ba] 8812 --- [http-nio-9090-exec-2] c.c.service.CustomUserDetailService      : END - loadUserByUsername
2022-08-20 11:02:34.976  INFO [authorizationService,d87449f08fc4715d,a7cde9133a1984ba] 8812 --- [http-nio-9090-exec-2] c.c.controller.AuthorizationController   : END - authorization
2022-08-20 11:02:38.853  INFO [authorizationService,c00c255798a61621,34b037f8e0d4529b] 8812 --- [http-nio-9090-exec-5] c.c.service.CustomUserDetailService      : STARTED - loadUserByUsername
2022-08-20 11:02:38.854  INFO [authorizationService,c00c255798a61621,34b037f8e0d4529b] 8812 --- [http-nio-9090-exec-5] c.c.service.CustomUserDetailService      : END - loadUserByUsername
2022-08-20 11:02:38.857  INFO [authorizationService,c00c255798a61621,34b037f8e0d4529b] 8812 --- [http-nio-9090-exec-5] c.c.controller.AuthorizationController   : STARTED - authorization
2022-08-20 11:02:38.857  INFO [authorizationService,c00c255798a61621,34b037f8e0d4529b] 8812 --- [http-nio-9090-exec-5] c.c.service.CustomUserDetailService      : STARTED - loadUserByUsername
2022-08-20 11:02:38.859  INFO [authorizationService,c00c255798a61621,34b037f8e0d4529b] 8812 --- [http-nio-9090-exec-5] c.c.service.CustomUserDetailService      : END - loadUserByUsername
2022-08-20 11:02:38.862  INFO [authorizationService,c00c255798a61621,34b037f8e0d4529b] 8812 --- [http-nio-9090-exec-5] c.c.controller.AuthorizationController   : END - authorization
2022-08-20 11:02:38.969  INFO [authorizationService,276cc6c5ea540c4a,cd83c937e87e5195] 8812 --- [http-nio-9090-exec-6] c.c.service.CustomUserDetailService      : STARTED - loadUserByUsername
2022-08-20 11:02:38.971  INFO [authorizationService,276cc6c5ea540c4a,cd83c937e87e5195] 8812 --- [http-nio-9090-exec-6] c.c.service.CustomUserDetailService      : END - loadUserByUsername
2022-08-20 11:02:38.973  INFO [authorizationService,276cc6c5ea540c4a,cd83c937e87e5195] 8812 --- [http-nio-9090-exec-6] c.c.controller.AuthorizationController   : STARTED - authorization
2022-08-20 11:02:38.974  INFO [authorizationService,276cc6c5ea540c4a,cd83c937e87e5195] 8812 --- [http-nio-9090-exec-6] c.c.service.CustomUserDetailService      : STARTED - loadUserByUsername
2022-08-20 11:02:38.975  INFO [authorizationService,276cc6c5ea540c4a,cd83c937e87e5195] 8812 --- [http-nio-9090-exec-6] c.c.service.CustomUserDetailService      : END - loadUserByUsername
2022-08-20 11:02:38.977  INFO [authorizationService,276cc6c5ea540c4a,cd83c937e87e5195] 8812 --- [http-nio-9090-exec-6] c.c.controller.AuthorizationController   : END - authorization
2022-08-20 11:03:32.229  INFO [authorizationService,0a443538b4a5ab8a,b44e342a08fd45f8] 8812 --- [http-nio-9090-exec-9] c.c.service.CustomUserDetailService      : STARTED - loadUserByUsername
2022-08-20 11:03:32.232  INFO [authorizationService,0a443538b4a5ab8a,b44e342a08fd45f8] 8812 --- [http-nio-9090-exec-9] c.c.service.CustomUserDetailService      : END - loadUserByUsername
2022-08-20 11:03:32.235  INFO [authorizationService,0a443538b4a5ab8a,b44e342a08fd45f8] 8812 --- [http-nio-9090-exec-9] c.c.controller.AuthorizationController   : STARTED - authorization
2022-08-20 11:03:32.236  INFO [authorizationService,0a443538b4a5ab8a,b44e342a08fd45f8] 8812 --- [http-nio-9090-exec-9] c.c.service.CustomUserDetailService      : STARTED - loadUserByUsername
2022-08-20 11:03:32.238  INFO [authorizationService,0a443538b4a5ab8a,b44e342a08fd45f8] 8812 --- [http-nio-9090-exec-9] c.c.service.CustomUserDetailService      : END - loadUserByUsername
2022-08-20 11:03:32.240  INFO [authorizationService,0a443538b4a5ab8a,b44e342a08fd45f8] 8812 --- [http-nio-9090-exec-9] c.c.controller.AuthorizationController   : END - authorization
2022-08-20 11:03:32.371  INFO [authorizationService,69266c7f3dfecab7,40c369308eece19b] 8812 --- [http-nio-9090-exec-10] c.c.service.CustomUserDetailService      : STARTED - loadUserByUsername
2022-08-20 11:03:32.374  INFO [authorizationService,69266c7f3dfecab7,40c369308eece19b] 8812 --- [http-nio-9090-exec-10] c.c.service.CustomUserDetailService      : END - loadUserByUsername
2022-08-20 11:03:32.377  INFO [authorizationService,69266c7f3dfecab7,40c369308eece19b] 8812 --- [http-nio-9090-exec-10] c.c.controller.AuthorizationController   : STARTED - authorization
2022-08-20 11:03:32.380  INFO [authorizationService,69266c7f3dfecab7,40c369308eece19b] 8812 --- [http-nio-9090-exec-10] c.c.service.CustomUserDetailService      : STARTED - loadUserByUsername
2022-08-20 11:03:32.384  INFO [authorizationService,69266c7f3dfecab7,40c369308eece19b] 8812 --- [http-nio-9090-exec-10] c.c.service.CustomUserDetailService      : END - loadUserByUsername
2022-08-20 11:03:32.387  INFO [authorizationService,69266c7f3dfecab7,40c369308eece19b] 8812 --- [http-nio-9090-exec-10] c.c.controller.AuthorizationController   : END - authorization
2022-08-20 14:45:56.504  INFO [authorizationService,7eb8f45ba2622613,53df7bf196535950] 8812 --- [http-nio-9090-exec-4] c.c.service.CustomUserDetailService      : STARTED - loadUserByUsername
2022-08-20 14:45:56.511  INFO [authorizationService,7eb8f45ba2622613,53df7bf196535950] 8812 --- [http-nio-9090-exec-4] c.c.service.CustomUserDetailService      : END - loadUserByUsername
2022-08-20 14:45:56.516  INFO [authorizationService,7eb8f45ba2622613,53df7bf196535950] 8812 --- [http-nio-9090-exec-4] c.c.controller.AuthorizationController   : STARTED - authorization
2022-08-20 14:45:56.519  INFO [authorizationService,7eb8f45ba2622613,53df7bf196535950] 8812 --- [http-nio-9090-exec-4] c.c.service.CustomUserDetailService      : STARTED - loadUserByUsername
2022-08-20 14:45:56.522  INFO [authorizationService,7eb8f45ba2622613,53df7bf196535950] 8812 --- [http-nio-9090-exec-4] c.c.service.CustomUserDetailService      : END - loadUserByUsername
2022-08-20 14:45:56.525  INFO [authorizationService,7eb8f45ba2622613,53df7bf196535950] 8812 --- [http-nio-9090-exec-4] c.c.controller.AuthorizationController   : END - authorization
2022-08-20 14:45:56.731  INFO [authorizationService,07db890acf2e782a,feae45a4e1cea549] 8812 --- [http-nio-9090-exec-7] c.c.service.CustomUserDetailService      : STARTED - loadUserByUsername
2022-08-20 14:45:56.737  INFO [authorizationService,07db890acf2e782a,feae45a4e1cea549] 8812 --- [http-nio-9090-exec-7] c.c.service.CustomUserDetailService      : END - loadUserByUsername
2022-08-20 14:45:56.742  INFO [authorizationService,07db890acf2e782a,feae45a4e1cea549] 8812 --- [http-nio-9090-exec-7] c.c.controller.AuthorizationController   : STARTED - authorization
2022-08-20 14:45:56.743  INFO [authorizationService,07db890acf2e782a,feae45a4e1cea549] 8812 --- [http-nio-9090-exec-7] c.c.service.CustomUserDetailService      : STARTED - loadUserByUsername
2022-08-20 14:45:56.746  INFO [authorizationService,07db890acf2e782a,feae45a4e1cea549] 8812 --- [http-nio-9090-exec-7] c.c.service.CustomUserDetailService      : END - loadUserByUsername
2022-08-20 14:45:56.748  INFO [authorizationService,07db890acf2e782a,feae45a4e1cea549] 8812 --- [http-nio-9090-exec-7] c.c.controller.AuthorizationController   : END - authorization
2022-08-20 14:46:25.692  INFO [authorizationService,a1403c5000c70d93,0bc8083beb5a5b72] 8812 --- [http-nio-9090-exec-8] c.c.service.CustomUserDetailService      : STARTED - loadUserByUsername
2022-08-20 14:46:25.696  INFO [authorizationService,a1403c5000c70d93,0bc8083beb5a5b72] 8812 --- [http-nio-9090-exec-8] c.c.service.CustomUserDetailService      : END - loadUserByUsername
2022-08-20 14:46:25.703  INFO [authorizationService,a1403c5000c70d93,0bc8083beb5a5b72] 8812 --- [http-nio-9090-exec-8] c.c.controller.AuthorizationController   : STARTED - authorization
2022-08-20 14:46:25.705  INFO [authorizationService,a1403c5000c70d93,0bc8083beb5a5b72] 8812 --- [http-nio-9090-exec-8] c.c.service.CustomUserDetailService      : STARTED - loadUserByUsername
2022-08-20 14:46:25.708  INFO [authorizationService,a1403c5000c70d93,0bc8083beb5a5b72] 8812 --- [http-nio-9090-exec-8] c.c.service.CustomUserDetailService      : END - loadUserByUsername
2022-08-20 14:46:25.710  INFO [authorizationService,a1403c5000c70d93,0bc8083beb5a5b72] 8812 --- [http-nio-9090-exec-8] c.c.controller.AuthorizationController   : END - authorization
2022-08-20 14:46:25.891  INFO [authorizationService,685d65fd7ca7fdeb,eb0b5d16056b4ff9] 8812 --- [http-nio-9090-exec-1] c.c.service.CustomUserDetailService      : STARTED - loadUserByUsername
2022-08-20 14:46:25.896  INFO [authorizationService,685d65fd7ca7fdeb,eb0b5d16056b4ff9] 8812 --- [http-nio-9090-exec-1] c.c.service.CustomUserDetailService      : END - loadUserByUsername
2022-08-20 14:46:25.902  INFO [authorizationService,685d65fd7ca7fdeb,eb0b5d16056b4ff9] 8812 --- [http-nio-9090-exec-1] c.c.controller.AuthorizationController   : STARTED - authorization
2022-08-20 14:46:25.904  INFO [authorizationService,685d65fd7ca7fdeb,eb0b5d16056b4ff9] 8812 --- [http-nio-9090-exec-1] c.c.service.CustomUserDetailService      : STARTED - loadUserByUsername
2022-08-20 14:46:25.909  INFO [authorizationService,685d65fd7ca7fdeb,eb0b5d16056b4ff9] 8812 --- [http-nio-9090-exec-1] c.c.service.CustomUserDetailService      : END - loadUserByUsername
2022-08-20 14:46:25.911  INFO [authorizationService,685d65fd7ca7fdeb,eb0b5d16056b4ff9] 8812 --- [http-nio-9090-exec-1] c.c.controller.AuthorizationController   : END - authorization
2022-08-20 14:47:16.855  INFO [authorizationService,c084edb7595ecb1c,efeae197ed40220e] 8812 --- [http-nio-9090-exec-2] c.c.controller.AuthorizationController   : STARTED - User authentication
2022-08-20 14:47:16.856  INFO [authorizationService,c084edb7595ecb1c,efeae197ed40220e] 8812 --- [http-nio-9090-exec-2] c.c.service.CustomUserDetailService      : STARTED - loadUserByUsername
2022-08-20 14:47:16.862  INFO [authorizationService,c084edb7595ecb1c,efeae197ed40220e] 8812 --- [http-nio-9090-exec-2] c.c.service.CustomUserDetailService      : END - loadUserByUsername
2022-08-20 14:47:16.884 ERROR [authorizationService,c084edb7595ecb1c,efeae197ed40220e] 8812 --- [http-nio-9090-exec-2] c.c.controller.AuthorizationController   : EXCEPTION - User authentication
2022-08-20 14:47:16.890  INFO [authorizationService,c084edb7595ecb1c,efeae197ed40220e] 8812 --- [http-nio-9090-exec-2] c.c.exception.ControllerAdviceClass      : STARTED - controllerAdviceResponse
2022-08-20 14:47:16.895  INFO [authorizationService,c084edb7595ecb1c,efeae197ed40220e] 8812 --- [http-nio-9090-exec-2] c.c.exception.ControllerAdviceClass      : END - controllerAdviceResponse
2022-08-20 14:47:16.908  WARN [authorizationService,c084edb7595ecb1c,efeae197ed40220e] 8812 --- [http-nio-9090-exec-2] .m.m.a.ExceptionHandlerExceptionResolver : Resolved [com.cognizant.exception.ResourceNotFound: User not found]
2022-08-20 14:47:17.027  INFO [authorizationService,35ea57c60fcdb749,89cdab9a8f1060dd] 8812 --- [http-nio-9090-exec-5] c.c.controller.AuthorizationController   : STARTED - User authentication
2022-08-20 14:47:17.027  INFO [authorizationService,35ea57c60fcdb749,89cdab9a8f1060dd] 8812 --- [http-nio-9090-exec-5] c.c.service.CustomUserDetailService      : STARTED - loadUserByUsername
2022-08-20 14:47:17.029  INFO [authorizationService,35ea57c60fcdb749,89cdab9a8f1060dd] 8812 --- [http-nio-9090-exec-5] c.c.service.CustomUserDetailService      : END - loadUserByUsername
2022-08-20 14:47:17.030 ERROR [authorizationService,35ea57c60fcdb749,89cdab9a8f1060dd] 8812 --- [http-nio-9090-exec-5] c.c.controller.AuthorizationController   : EXCEPTION - User authentication
2022-08-20 14:47:17.031  INFO [authorizationService,35ea57c60fcdb749,89cdab9a8f1060dd] 8812 --- [http-nio-9090-exec-5] c.c.exception.ControllerAdviceClass      : STARTED - controllerAdviceResponse
2022-08-20 14:47:17.031  INFO [authorizationService,35ea57c60fcdb749,89cdab9a8f1060dd] 8812 --- [http-nio-9090-exec-5] c.c.exception.ControllerAdviceClass      : END - controllerAdviceResponse
2022-08-20 14:47:17.035  WARN [authorizationService,35ea57c60fcdb749,89cdab9a8f1060dd] 8812 --- [http-nio-9090-exec-5] .m.m.a.ExceptionHandlerExceptionResolver : Resolved [com.cognizant.exception.ResourceNotFound: User not found]
2022-08-20 14:47:18.870  INFO [authorizationService,c9e2993111894dc0,3cc76f9e7105995e] 8812 --- [http-nio-9090-exec-6] c.c.controller.AuthorizationController   : STARTED - User authentication
2022-08-20 14:47:18.871  INFO [authorizationService,c9e2993111894dc0,3cc76f9e7105995e] 8812 --- [http-nio-9090-exec-6] c.c.service.CustomUserDetailService      : STARTED - loadUserByUsername
2022-08-20 14:47:18.876  INFO [authorizationService,c9e2993111894dc0,3cc76f9e7105995e] 8812 --- [http-nio-9090-exec-6] c.c.service.CustomUserDetailService      : END - loadUserByUsername
2022-08-20 14:47:18.878 ERROR [authorizationService,c9e2993111894dc0,3cc76f9e7105995e] 8812 --- [http-nio-9090-exec-6] c.c.controller.AuthorizationController   : EXCEPTION - User authentication
2022-08-20 14:47:18.880  INFO [authorizationService,c9e2993111894dc0,3cc76f9e7105995e] 8812 --- [http-nio-9090-exec-6] c.c.exception.ControllerAdviceClass      : STARTED - controllerAdviceResponse
2022-08-20 14:47:18.881  INFO [authorizationService,c9e2993111894dc0,3cc76f9e7105995e] 8812 --- [http-nio-9090-exec-6] c.c.exception.ControllerAdviceClass      : END - controllerAdviceResponse
2022-08-20 14:47:18.886  WARN [authorizationService,c9e2993111894dc0,3cc76f9e7105995e] 8812 --- [http-nio-9090-exec-6] .m.m.a.ExceptionHandlerExceptionResolver : Resolved [com.cognizant.exception.ResourceNotFound: User not found]
2022-08-20 14:47:18.996  INFO [authorizationService,ea6dfdcac93bb2c3,95f780177a0f513c] 8812 --- [http-nio-9090-exec-9] c.c.controller.AuthorizationController   : STARTED - User authentication
2022-08-20 14:47:18.997  INFO [authorizationService,ea6dfdcac93bb2c3,95f780177a0f513c] 8812 --- [http-nio-9090-exec-9] c.c.service.CustomUserDetailService      : STARTED - loadUserByUsername
2022-08-20 14:47:19.000  INFO [authorizationService,ea6dfdcac93bb2c3,95f780177a0f513c] 8812 --- [http-nio-9090-exec-9] c.c.service.CustomUserDetailService      : END - loadUserByUsername
2022-08-20 14:47:19.000 ERROR [authorizationService,ea6dfdcac93bb2c3,95f780177a0f513c] 8812 --- [http-nio-9090-exec-9] c.c.controller.AuthorizationController   : EXCEPTION - User authentication
2022-08-20 14:47:19.001  INFO [authorizationService,ea6dfdcac93bb2c3,95f780177a0f513c] 8812 --- [http-nio-9090-exec-9] c.c.exception.ControllerAdviceClass      : STARTED - controllerAdviceResponse
2022-08-20 14:47:19.001  INFO [authorizationService,ea6dfdcac93bb2c3,95f780177a0f513c] 8812 --- [http-nio-9090-exec-9] c.c.exception.ControllerAdviceClass      : END - controllerAdviceResponse
2022-08-20 14:47:19.004  WARN [authorizationService,ea6dfdcac93bb2c3,95f780177a0f513c] 8812 --- [http-nio-9090-exec-9] .m.m.a.ExceptionHandlerExceptionResolver : Resolved [com.cognizant.exception.ResourceNotFound: User not found]
2022-08-20 14:47:30.696  INFO [authorizationService,f935fb8c192fc63a,e177a8971ec8b431] 8812 --- [http-nio-9090-exec-10] c.c.controller.AuthorizationController   : STARTED - User authentication
2022-08-20 14:47:30.698  INFO [authorizationService,f935fb8c192fc63a,e177a8971ec8b431] 8812 --- [http-nio-9090-exec-10] c.c.service.CustomUserDetailService      : STARTED - loadUserByUsername
2022-08-20 14:47:30.704  INFO [authorizationService,f935fb8c192fc63a,e177a8971ec8b431] 8812 --- [http-nio-9090-exec-10] c.c.service.CustomUserDetailService      : END - loadUserByUsername
2022-08-20 14:47:30.705 ERROR [authorizationService,f935fb8c192fc63a,e177a8971ec8b431] 8812 --- [http-nio-9090-exec-10] c.c.controller.AuthorizationController   : EXCEPTION - User authentication
2022-08-20 14:47:30.707  INFO [authorizationService,f935fb8c192fc63a,e177a8971ec8b431] 8812 --- [http-nio-9090-exec-10] c.c.exception.ControllerAdviceClass      : STARTED - controllerAdviceResponse
2022-08-20 14:47:30.707  INFO [authorizationService,f935fb8c192fc63a,e177a8971ec8b431] 8812 --- [http-nio-9090-exec-10] c.c.exception.ControllerAdviceClass      : END - controllerAdviceResponse
2022-08-20 14:47:30.713  WARN [authorizationService,f935fb8c192fc63a,e177a8971ec8b431] 8812 --- [http-nio-9090-exec-10] .m.m.a.ExceptionHandlerExceptionResolver : Resolved [com.cognizant.exception.ResourceNotFound: User not found]
2022-08-20 14:47:30.883  INFO [authorizationService,a06f781fde44e5c2,343eddcb1cd8c589] 8812 --- [http-nio-9090-exec-3] c.c.controller.AuthorizationController   : STARTED - User authentication
2022-08-20 14:47:30.884  INFO [authorizationService,a06f781fde44e5c2,343eddcb1cd8c589] 8812 --- [http-nio-9090-exec-3] c.c.service.CustomUserDetailService      : STARTED - loadUserByUsername
2022-08-20 14:47:30.888  INFO [authorizationService,a06f781fde44e5c2,343eddcb1cd8c589] 8812 --- [http-nio-9090-exec-3] c.c.service.CustomUserDetailService      : END - loadUserByUsername
2022-08-20 14:47:30.889 ERROR [authorizationService,a06f781fde44e5c2,343eddcb1cd8c589] 8812 --- [http-nio-9090-exec-3] c.c.controller.AuthorizationController   : EXCEPTION - User authentication
2022-08-20 14:47:30.891  INFO [authorizationService,a06f781fde44e5c2,343eddcb1cd8c589] 8812 --- [http-nio-9090-exec-3] c.c.exception.ControllerAdviceClass      : STARTED - controllerAdviceResponse
2022-08-20 14:47:30.891  INFO [authorizationService,a06f781fde44e5c2,343eddcb1cd8c589] 8812 --- [http-nio-9090-exec-3] c.c.exception.ControllerAdviceClass      : END - controllerAdviceResponse
2022-08-20 14:47:30.902  WARN [authorizationService,a06f781fde44e5c2,343eddcb1cd8c589] 8812 --- [http-nio-9090-exec-3] .m.m.a.ExceptionHandlerExceptionResolver : Resolved [com.cognizant.exception.ResourceNotFound: User not found]
2022-08-20 14:48:24.025  INFO [authorizationService,9faece02b956e839,797a32ec54b3fa41] 8812 --- [http-nio-9090-exec-4] c.c.controller.AuthorizationController   : STARTED - User authentication
2022-08-20 14:48:24.026  INFO [authorizationService,9faece02b956e839,797a32ec54b3fa41] 8812 --- [http-nio-9090-exec-4] c.c.service.CustomUserDetailService      : STARTED - loadUserByUsername
2022-08-20 14:48:24.030  INFO [authorizationService,9faece02b956e839,797a32ec54b3fa41] 8812 --- [http-nio-9090-exec-4] c.c.service.CustomUserDetailService      : END - loadUserByUsername
2022-08-20 14:48:24.030  INFO [authorizationService,9faece02b956e839,797a32ec54b3fa41] 8812 --- [http-nio-9090-exec-4] c.c.controller.AuthorizationController   : END - generateToken
2022-08-20 14:48:24.199  INFO [authorizationService,01d2142f5931a975,11871c46f5a568d5] 8812 --- [http-nio-9090-exec-7] c.c.service.CustomUserDetailService      : STARTED - loadUserByUsername
2022-08-20 14:48:24.204  INFO [authorizationService,01d2142f5931a975,11871c46f5a568d5] 8812 --- [http-nio-9090-exec-7] c.c.service.CustomUserDetailService      : END - loadUserByUsername
2022-08-20 14:48:24.214  INFO [authorizationService,01d2142f5931a975,11871c46f5a568d5] 8812 --- [http-nio-9090-exec-7] c.c.controller.AuthorizationController   : STARTED - authorization
2022-08-20 14:48:24.222  INFO [authorizationService,01d2142f5931a975,11871c46f5a568d5] 8812 --- [http-nio-9090-exec-7] c.c.service.CustomUserDetailService      : STARTED - loadUserByUsername
2022-08-20 14:48:24.226  INFO [authorizationService,01d2142f5931a975,11871c46f5a568d5] 8812 --- [http-nio-9090-exec-7] c.c.service.CustomUserDetailService      : END - loadUserByUsername
2022-08-20 14:48:24.230  INFO [authorizationService,01d2142f5931a975,11871c46f5a568d5] 8812 --- [http-nio-9090-exec-7] c.c.controller.AuthorizationController   : END - authorization
2022-08-20 14:48:58.112  INFO [authorizationService,40d8ee01739e7d6b,6042300b3fa65661] 8812 --- [http-nio-9090-exec-8] c.c.service.CustomUserDetailService      : STARTED - loadUserByUsername
2022-08-20 14:48:58.120  INFO [authorizationService,40d8ee01739e7d6b,6042300b3fa65661] 8812 --- [http-nio-9090-exec-8] c.c.service.CustomUserDetailService      : END - loadUserByUsername
2022-08-20 14:48:58.124  INFO [authorizationService,40d8ee01739e7d6b,6042300b3fa65661] 8812 --- [http-nio-9090-exec-8] c.c.controller.AuthorizationController   : STARTED - authorization
2022-08-20 14:48:58.125  INFO [authorizationService,40d8ee01739e7d6b,6042300b3fa65661] 8812 --- [http-nio-9090-exec-8] c.c.service.CustomUserDetailService      : STARTED - loadUserByUsername
2022-08-20 14:48:58.128  INFO [authorizationService,40d8ee01739e7d6b,6042300b3fa65661] 8812 --- [http-nio-9090-exec-8] c.c.service.CustomUserDetailService      : END - loadUserByUsername
2022-08-20 14:48:58.129  INFO [authorizationService,40d8ee01739e7d6b,6042300b3fa65661] 8812 --- [http-nio-9090-exec-8] c.c.controller.AuthorizationController   : END - authorization
2022-08-20 14:49:02.742  INFO [authorizationService,5219ec7fd947e53d,7f78f2ff20006026] 8812 --- [http-nio-9090-exec-1] c.c.service.CustomUserDetailService      : STARTED - loadUserByUsername
2022-08-20 14:49:02.745  INFO [authorizationService,5219ec7fd947e53d,7f78f2ff20006026] 8812 --- [http-nio-9090-exec-1] c.c.service.CustomUserDetailService      : END - loadUserByUsername
2022-08-20 14:49:02.751  INFO [authorizationService,5219ec7fd947e53d,7f78f2ff20006026] 8812 --- [http-nio-9090-exec-1] c.c.controller.AuthorizationController   : STARTED - authorization
2022-08-20 14:49:02.753  INFO [authorizationService,5219ec7fd947e53d,7f78f2ff20006026] 8812 --- [http-nio-9090-exec-1] c.c.service.CustomUserDetailService      : STARTED - loadUserByUsername
2022-08-20 14:49:02.757  INFO [authorizationService,5219ec7fd947e53d,7f78f2ff20006026] 8812 --- [http-nio-9090-exec-1] c.c.service.CustomUserDetailService      : END - loadUserByUsername
2022-08-20 14:49:02.758  INFO [authorizationService,5219ec7fd947e53d,7f78f2ff20006026] 8812 --- [http-nio-9090-exec-1] c.c.controller.AuthorizationController   : END - authorization
2022-08-20 14:49:02.931  INFO [authorizationService,69bcdd5315481e58,2a0f345eed0f8b10] 8812 --- [http-nio-9090-exec-2] c.c.service.CustomUserDetailService      : STARTED - loadUserByUsername
2022-08-20 14:49:02.935  INFO [authorizationService,69bcdd5315481e58,2a0f345eed0f8b10] 8812 --- [http-nio-9090-exec-2] c.c.service.CustomUserDetailService      : END - loadUserByUsername
2022-08-20 14:49:02.938  INFO [authorizationService,69bcdd5315481e58,2a0f345eed0f8b10] 8812 --- [http-nio-9090-exec-2] c.c.controller.AuthorizationController   : STARTED - authorization
2022-08-20 14:49:02.939  INFO [authorizationService,69bcdd5315481e58,2a0f345eed0f8b10] 8812 --- [http-nio-9090-exec-2] c.c.service.CustomUserDetailService      : STARTED - loadUserByUsername
2022-08-20 14:49:02.942  INFO [authorizationService,69bcdd5315481e58,2a0f345eed0f8b10] 8812 --- [http-nio-9090-exec-2] c.c.service.CustomUserDetailService      : END - loadUserByUsername
2022-08-20 14:49:02.944  INFO [authorizationService,69bcdd5315481e58,2a0f345eed0f8b10] 8812 --- [http-nio-9090-exec-2] c.c.controller.AuthorizationController   : END - authorization
2022-08-20 14:49:39.635  INFO [authorizationService,6bae7cdb64ffa356,9587e31baf7fd892] 8812 --- [http-nio-9090-exec-5] c.c.service.CustomUserDetailService      : STARTED - loadUserByUsername
2022-08-20 14:49:39.643  INFO [authorizationService,6bae7cdb64ffa356,9587e31baf7fd892] 8812 --- [http-nio-9090-exec-5] c.c.service.CustomUserDetailService      : END - loadUserByUsername
2022-08-20 14:49:39.650  INFO [authorizationService,6bae7cdb64ffa356,9587e31baf7fd892] 8812 --- [http-nio-9090-exec-5] c.c.controller.AuthorizationController   : STARTED - authorization
2022-08-20 14:49:39.653  INFO [authorizationService,6bae7cdb64ffa356,9587e31baf7fd892] 8812 --- [http-nio-9090-exec-5] c.c.service.CustomUserDetailService      : STARTED - loadUserByUsername
2022-08-20 14:49:39.657  INFO [authorizationService,6bae7cdb64ffa356,9587e31baf7fd892] 8812 --- [http-nio-9090-exec-5] c.c.service.CustomUserDetailService      : END - loadUserByUsername
2022-08-20 14:49:39.661  INFO [authorizationService,6bae7cdb64ffa356,9587e31baf7fd892] 8812 --- [http-nio-9090-exec-5] c.c.controller.AuthorizationController   : END - authorization
2022-08-20 14:49:39.841  INFO [authorizationService,a33789d68263f725,5c1f7106f51befb8] 8812 --- [http-nio-9090-exec-6] c.c.service.CustomUserDetailService      : STARTED - loadUserByUsername
2022-08-20 14:49:39.844  INFO [authorizationService,a33789d68263f725,5c1f7106f51befb8] 8812 --- [http-nio-9090-exec-6] c.c.service.CustomUserDetailService      : END - loadUserByUsername
2022-08-20 14:49:39.850  INFO [authorizationService,a33789d68263f725,5c1f7106f51befb8] 8812 --- [http-nio-9090-exec-6] c.c.controller.AuthorizationController   : STARTED - authorization
2022-08-20 14:49:39.852  INFO [authorizationService,a33789d68263f725,5c1f7106f51befb8] 8812 --- [http-nio-9090-exec-6] c.c.service.CustomUserDetailService      : STARTED - loadUserByUsername
2022-08-20 14:49:39.855  INFO [authorizationService,a33789d68263f725,5c1f7106f51befb8] 8812 --- [http-nio-9090-exec-6] c.c.service.CustomUserDetailService      : END - loadUserByUsername
2022-08-20 14:49:39.857  INFO [authorizationService,a33789d68263f725,5c1f7106f51befb8] 8812 --- [http-nio-9090-exec-6] c.c.controller.AuthorizationController   : END - authorization
2022-08-20 14:49:52.723  INFO [authorizationService,468fa972c9bb25c2,9de907251f539f10] 8812 --- [http-nio-9090-exec-9] c.c.service.CustomUserDetailService      : STARTED - loadUserByUsername
2022-08-20 14:49:52.729  INFO [authorizationService,468fa972c9bb25c2,9de907251f539f10] 8812 --- [http-nio-9090-exec-9] c.c.service.CustomUserDetailService      : END - loadUserByUsername
2022-08-20 14:49:52.735  INFO [authorizationService,468fa972c9bb25c2,9de907251f539f10] 8812 --- [http-nio-9090-exec-9] c.c.controller.AuthorizationController   : STARTED - authorization
2022-08-20 14:49:52.738  INFO [authorizationService,468fa972c9bb25c2,9de907251f539f10] 8812 --- [http-nio-9090-exec-9] c.c.service.CustomUserDetailService      : STARTED - loadUserByUsername
2022-08-20 14:49:52.742  INFO [authorizationService,468fa972c9bb25c2,9de907251f539f10] 8812 --- [http-nio-9090-exec-9] c.c.service.CustomUserDetailService      : END - loadUserByUsername
2022-08-20 14:49:52.750  INFO [authorizationService,468fa972c9bb25c2,9de907251f539f10] 8812 --- [http-nio-9090-exec-9] c.c.controller.AuthorizationController   : END - authorization
2022-08-20 14:49:52.965  INFO [authorizationService,941bfd0334a8091d,f10c1296574eb93a] 8812 --- [http-nio-9090-exec-10] c.c.service.CustomUserDetailService      : STARTED - loadUserByUsername
2022-08-20 14:49:52.970  INFO [authorizationService,941bfd0334a8091d,f10c1296574eb93a] 8812 --- [http-nio-9090-exec-10] c.c.service.CustomUserDetailService      : END - loadUserByUsername
2022-08-20 14:49:52.977  INFO [authorizationService,941bfd0334a8091d,f10c1296574eb93a] 8812 --- [http-nio-9090-exec-10] c.c.controller.AuthorizationController   : STARTED - authorization
2022-08-20 14:49:52.978  INFO [authorizationService,941bfd0334a8091d,f10c1296574eb93a] 8812 --- [http-nio-9090-exec-10] c.c.service.CustomUserDetailService      : STARTED - loadUserByUsername
2022-08-20 14:49:52.983  INFO [authorizationService,941bfd0334a8091d,f10c1296574eb93a] 8812 --- [http-nio-9090-exec-10] c.c.service.CustomUserDetailService      : END - loadUserByUsername
2022-08-20 14:49:52.986  INFO [authorizationService,941bfd0334a8091d,f10c1296574eb93a] 8812 --- [http-nio-9090-exec-10] c.c.controller.AuthorizationController   : END - authorization
2022-08-20 14:50:44.519  INFO [authorizationService,a3afab5812581705,02ae9a55311b5738] 8812 --- [http-nio-9090-exec-3] c.c.service.CustomUserDetailService      : STARTED - loadUserByUsername
2022-08-20 14:50:44.525  INFO [authorizationService,a3afab5812581705,02ae9a55311b5738] 8812 --- [http-nio-9090-exec-3] c.c.service.CustomUserDetailService      : END - loadUserByUsername
2022-08-20 14:50:44.529  INFO [authorizationService,a3afab5812581705,02ae9a55311b5738] 8812 --- [http-nio-9090-exec-3] c.c.controller.AuthorizationController   : STARTED - authorization
2022-08-20 14:50:44.530  INFO [authorizationService,a3afab5812581705,02ae9a55311b5738] 8812 --- [http-nio-9090-exec-3] c.c.service.CustomUserDetailService      : STARTED - loadUserByUsername
2022-08-20 14:50:44.533  INFO [authorizationService,a3afab5812581705,02ae9a55311b5738] 8812 --- [http-nio-9090-exec-3] c.c.service.CustomUserDetailService      : END - loadUserByUsername
2022-08-20 14:50:44.535  INFO [authorizationService,a3afab5812581705,02ae9a55311b5738] 8812 --- [http-nio-9090-exec-3] c.c.controller.AuthorizationController   : END - authorization
2022-08-20 14:50:44.698  INFO [authorizationService,c5754f87d367c9d1,d1da7c69be66e90d] 8812 --- [http-nio-9090-exec-4] c.c.service.CustomUserDetailService      : STARTED - loadUserByUsername
2022-08-20 14:50:44.701  INFO [authorizationService,c5754f87d367c9d1,d1da7c69be66e90d] 8812 --- [http-nio-9090-exec-4] c.c.service.CustomUserDetailService      : END - loadUserByUsername
2022-08-20 14:50:44.705  INFO [authorizationService,c5754f87d367c9d1,d1da7c69be66e90d] 8812 --- [http-nio-9090-exec-4] c.c.controller.AuthorizationController   : STARTED - authorization
2022-08-20 14:50:44.707  INFO [authorizationService,c5754f87d367c9d1,d1da7c69be66e90d] 8812 --- [http-nio-9090-exec-4] c.c.service.CustomUserDetailService      : STARTED - loadUserByUsername
2022-08-20 14:50:44.709  INFO [authorizationService,c5754f87d367c9d1,d1da7c69be66e90d] 8812 --- [http-nio-9090-exec-4] c.c.service.CustomUserDetailService      : END - loadUserByUsername
2022-08-20 14:50:44.711  INFO [authorizationService,c5754f87d367c9d1,d1da7c69be66e90d] 8812 --- [http-nio-9090-exec-4] c.c.controller.AuthorizationController   : END - authorization
2022-08-20 14:58:35.596  INFO [authorizationService,96b9ec75182f3642,9b4373594d8f5b11] 8812 --- [http-nio-9090-exec-8] c.c.service.CustomUserDetailService      : STARTED - loadUserByUsername
2022-08-20 14:58:35.598  INFO [authorizationService,96b9ec75182f3642,9b4373594d8f5b11] 8812 --- [http-nio-9090-exec-8] c.c.service.CustomUserDetailService      : END - loadUserByUsername
2022-08-20 14:58:35.601  INFO [authorizationService,96b9ec75182f3642,9b4373594d8f5b11] 8812 --- [http-nio-9090-exec-8] c.c.controller.AuthorizationController   : STARTED - authorization
2022-08-20 14:58:35.601  INFO [authorizationService,96b9ec75182f3642,9b4373594d8f5b11] 8812 --- [http-nio-9090-exec-8] c.c.service.CustomUserDetailService      : STARTED - loadUserByUsername
2022-08-20 14:58:35.603  INFO [authorizationService,96b9ec75182f3642,9b4373594d8f5b11] 8812 --- [http-nio-9090-exec-8] c.c.service.CustomUserDetailService      : END - loadUserByUsername
2022-08-20 14:58:35.604  INFO [authorizationService,96b9ec75182f3642,9b4373594d8f5b11] 8812 --- [http-nio-9090-exec-8] c.c.controller.AuthorizationController   : END - authorization
2022-08-20 14:58:35.702  INFO [authorizationService,618d47444b430e1a,4509a6184e77bd3e] 8812 --- [http-nio-9090-exec-1] c.c.service.CustomUserDetailService      : STARTED - loadUserByUsername
2022-08-20 14:58:35.704  INFO [authorizationService,618d47444b430e1a,4509a6184e77bd3e] 8812 --- [http-nio-9090-exec-1] c.c.service.CustomUserDetailService      : END - loadUserByUsername
2022-08-20 14:58:35.706  INFO [authorizationService,618d47444b430e1a,4509a6184e77bd3e] 8812 --- [http-nio-9090-exec-1] c.c.controller.AuthorizationController   : STARTED - authorization
2022-08-20 14:58:35.707  INFO [authorizationService,618d47444b430e1a,4509a6184e77bd3e] 8812 --- [http-nio-9090-exec-1] c.c.service.CustomUserDetailService      : STARTED - loadUserByUsername
2022-08-20 14:58:35.708  INFO [authorizationService,618d47444b430e1a,4509a6184e77bd3e] 8812 --- [http-nio-9090-exec-1] c.c.service.CustomUserDetailService      : END - loadUserByUsername
2022-08-20 14:58:35.709  INFO [authorizationService,618d47444b430e1a,4509a6184e77bd3e] 8812 --- [http-nio-9090-exec-1] c.c.controller.AuthorizationController   : END - authorization
